<?xml version="1.0" encoding="UTF-8"?>
<robot generator="Robot 6.1.1 (Python 3.10.12 on linux)" generated="20231120 14:27:42.872" rpa="false" schemaversion="4">
<suite id="s1" name="Tests" source="/home/villep/palautusrepositorio/viikko3/hello-robot/src/tests">
<suite id="s1-s1" name="Increase Counter" source="/home/villep/palautusrepositorio/viikko3/hello-robot/src/tests/increase_counter.robot">
<test id="s1-s1-t1" name="Increase Counter Once" line="12">
<kw name="Counter Value Should Be" library="CounterLibrary">
<arg>0</arg>
<status status="PASS" starttime="20231120 14:27:42.890" endtime="20231120 14:27:42.890"/>
</kw>
<kw name="Increase Counter" library="CounterLibrary">
<status status="PASS" starttime="20231120 14:27:42.890" endtime="20231120 14:27:42.890"/>
</kw>
<kw name="Counter Value Should Be" library="CounterLibrary">
<arg>1</arg>
<status status="PASS" starttime="20231120 14:27:42.891" endtime="20231120 14:27:42.891"/>
</kw>
<status status="PASS" starttime="20231120 14:27:42.890" endtime="20231120 14:27:42.891"/>
</test>
<test id="s1-s1-t2" name="Increase Counter Many Times" line="17">
<kw name="Counter Value Should Be" library="CounterLibrary">
<arg>0</arg>
<status status="PASS" starttime="20231120 14:27:42.891" endtime="20231120 14:27:42.891"/>
</kw>
<kw name="Increase Counter Three Times">
<kw name="Increase Counter" library="CounterLibrary">
<status status="PASS" starttime="20231120 14:27:42.892" endtime="20231120 14:27:42.892"/>
</kw>
<kw name="Increase Counter" library="CounterLibrary">
<status status="PASS" starttime="20231120 14:27:42.892" endtime="20231120 14:27:42.892"/>
</kw>
<kw name="Increase Counter" library="CounterLibrary">
<status status="PASS" starttime="20231120 14:27:42.892" endtime="20231120 14:27:42.892"/>
</kw>
<status status="PASS" starttime="20231120 14:27:42.891" endtime="20231120 14:27:42.892"/>
</kw>
<kw name="Counter Value Should Be" library="CounterLibrary">
<arg>3</arg>
<status status="PASS" starttime="20231120 14:27:42.892" endtime="20231120 14:27:42.892"/>
</kw>
<status status="PASS" starttime="20231120 14:27:42.891" endtime="20231120 14:27:42.892"/>
</test>
<test id="s1-s1-t3" name="Increment Counter By Amount" line="22">
<kw name="Counter Value Should Be" library="CounterLibrary">
<arg>0</arg>
<status status="PASS" starttime="20231120 14:27:42.893" endtime="20231120 14:27:42.893"/>
</kw>
<kw name="Increment Counter By" library="CounterLibrary">
<arg>5</arg>
<status status="PASS" starttime="20231120 14:27:42.893" endtime="20231120 14:27:42.893"/>
</kw>
<kw name="Counter Value Should Be" library="CounterLibrary">
<arg>5</arg>
<status status="PASS" starttime="20231120 14:27:42.893" endtime="20231120 14:27:42.893"/>
</kw>
<status status="PASS" starttime="20231120 14:27:42.892" endtime="20231120 14:27:42.893"/>
</test>
<test id="s1-s1-t4" name="Reset Counter After One Increment" line="27">
<kw name="Counter Value Should Be" library="CounterLibrary">
<arg>0</arg>
<status status="PASS" starttime="20231120 14:27:42.894" endtime="20231120 14:27:42.894"/>
</kw>
<kw name="Increase Counter" library="CounterLibrary">
<status status="PASS" starttime="20231120 14:27:42.894" endtime="20231120 14:27:42.894"/>
</kw>
<kw name="Counter Value Should Be" library="CounterLibrary">
<arg>1</arg>
<status status="PASS" starttime="20231120 14:27:42.894" endtime="20231120 14:27:42.894"/>
</kw>
<kw name="Reset Counter" library="CounterLibrary">
<status status="PASS" starttime="20231120 14:27:42.894" endtime="20231120 14:27:42.894"/>
</kw>
<kw name="Counter Value Should Be" library="CounterLibrary">
<arg>0</arg>
<status status="PASS" starttime="20231120 14:27:42.894" endtime="20231120 14:27:42.895"/>
</kw>
<status status="PASS" starttime="20231120 14:27:42.893" endtime="20231120 14:27:42.895"/>
</test>
<test id="s1-s1-t5" name="Reset Counter After Several Increments" line="34">
<kw name="Counter Value Should Be" library="CounterLibrary">
<arg>0</arg>
<status status="PASS" starttime="20231120 14:27:42.895" endtime="20231120 14:27:42.895"/>
</kw>
<kw name="Increment Counter By" library="CounterLibrary">
<arg>5</arg>
<status status="PASS" starttime="20231120 14:27:42.895" endtime="20231120 14:27:42.896"/>
</kw>
<kw name="Counter Value Should Be" library="CounterLibrary">
<arg>5</arg>
<status status="PASS" starttime="20231120 14:27:42.896" endtime="20231120 14:27:42.896"/>
</kw>
<kw name="Reset Counter" library="CounterLibrary">
<status status="PASS" starttime="20231120 14:27:42.896" endtime="20231120 14:27:42.896"/>
</kw>
<kw name="Counter Value Should Be" library="CounterLibrary">
<arg>0</arg>
<status status="PASS" starttime="20231120 14:27:42.896" endtime="20231120 14:27:42.896"/>
</kw>
<status status="PASS" starttime="20231120 14:27:42.895" endtime="20231120 14:27:42.896"/>
</test>
<status status="PASS" starttime="20231120 14:27:42.887" endtime="20231120 14:27:42.897"/>
</suite>
<status status="PASS" starttime="20231120 14:27:42.873" endtime="20231120 14:27:42.897"/>
</suite>
<statistics>
<total>
<stat pass="5" fail="0" skip="0">All Tests</stat>
</total>
<tag>
</tag>
<suite>
<stat pass="5" fail="0" skip="0" id="s1" name="Tests">Tests</stat>
<stat pass="5" fail="0" skip="0" id="s1-s1" name="Increase Counter">Tests.Increase Counter</stat>
</suite>
</statistics>
<errors>
</errors>
</robot>
