<?xml version="1.0" encoding="UTF-8"?>
<robot generator="Robot 6.1.1 (Python 3.10.12 on linux)" generated="20231120 20:29:47.547" rpa="false" schemaversion="4">
<suite id="s1" name="Tests" source="/home/villep/palautusrepositorio/viikko3/login-robot/src/tests">
<suite id="s1-s1" name="Login" source="/home/villep/palautusrepositorio/viikko3/login-robot/src/tests/login.robot">
<test id="s1-s1-t1" name="Login With Correct Credentials" line="6">
<kw name="Create User And Input Login Command" type="SETUP">
<kw name="Create User" library="AppLibrary">
<arg>kalle</arg>
<arg>kalle123</arg>
<status status="PASS" starttime="20231120 20:29:47.566" endtime="20231120 20:29:47.566"/>
</kw>
<kw name="Input Login Command" library="resource">
<kw name="Input" library="AppLibrary">
<arg>login</arg>
<status status="PASS" starttime="20231120 20:29:47.566" endtime="20231120 20:29:47.566"/>
</kw>
<status status="PASS" starttime="20231120 20:29:47.566" endtime="20231120 20:29:47.566"/>
</kw>
<status status="PASS" starttime="20231120 20:29:47.566" endtime="20231120 20:29:47.566"/>
</kw>
<kw name="Input Credentials" library="resource">
<arg>kalle</arg>
<arg>kalle123</arg>
<kw name="Input" library="AppLibrary">
<arg>${username}</arg>
<status status="PASS" starttime="20231120 20:29:47.567" endtime="20231120 20:29:47.567"/>
</kw>
<kw name="Input" library="AppLibrary">
<arg>${password}</arg>
<status status="PASS" starttime="20231120 20:29:47.567" endtime="20231120 20:29:47.567"/>
</kw>
<kw name="Run Application" library="AppLibrary">
<status status="PASS" starttime="20231120 20:29:47.567" endtime="20231120 20:29:47.567"/>
</kw>
<status status="PASS" starttime="20231120 20:29:47.567" endtime="20231120 20:29:47.567"/>
</kw>
<kw name="Output Should Contain" library="AppLibrary">
<arg>Logged in</arg>
<status status="PASS" starttime="20231120 20:29:47.568" endtime="20231120 20:29:47.568"/>
</kw>
<status status="PASS" starttime="20231120 20:29:47.565" endtime="20231120 20:29:47.568"/>
</test>
<test id="s1-s1-t2" name="Login With Incorrect Password" line="10">
<kw name="Create User And Input Login Command" type="SETUP">
<kw name="Create User" library="AppLibrary">
<arg>kalle</arg>
<arg>kalle123</arg>
<status status="PASS" starttime="20231120 20:29:47.568" endtime="20231120 20:29:47.568"/>
</kw>
<kw name="Input Login Command" library="resource">
<kw name="Input" library="AppLibrary">
<arg>login</arg>
<status status="PASS" starttime="20231120 20:29:47.569" endtime="20231120 20:29:47.569"/>
</kw>
<status status="PASS" starttime="20231120 20:29:47.569" endtime="20231120 20:29:47.569"/>
</kw>
<status status="PASS" starttime="20231120 20:29:47.568" endtime="20231120 20:29:47.569"/>
</kw>
<kw name="Input Credentials" library="resource">
<arg>kalle</arg>
<arg>wrong_password</arg>
<kw name="Input" library="AppLibrary">
<arg>${username}</arg>
<status status="PASS" starttime="20231120 20:29:47.569" endtime="20231120 20:29:47.569"/>
</kw>
<kw name="Input" library="AppLibrary">
<arg>${password}</arg>
<status status="PASS" starttime="20231120 20:29:47.569" endtime="20231120 20:29:47.569"/>
</kw>
<kw name="Run Application" library="AppLibrary">
<status status="PASS" starttime="20231120 20:29:47.569" endtime="20231120 20:29:47.570"/>
</kw>
<status status="PASS" starttime="20231120 20:29:47.569" endtime="20231120 20:29:47.570"/>
</kw>
<kw name="Output Should Contain" library="AppLibrary">
<arg>Invalid username or password</arg>
<status status="PASS" starttime="20231120 20:29:47.570" endtime="20231120 20:29:47.570"/>
</kw>
<status status="PASS" starttime="20231120 20:29:47.568" endtime="20231120 20:29:47.570"/>
</test>
<test id="s1-s1-t3" name="Login With Nonexistent Username" line="14">
<kw name="Create User And Input Login Command" type="SETUP">
<kw name="Create User" library="AppLibrary">
<arg>kalle</arg>
<arg>kalle123</arg>
<status status="PASS" starttime="20231120 20:29:47.570" endtime="20231120 20:29:47.570"/>
</kw>
<kw name="Input Login Command" library="resource">
<kw name="Input" library="AppLibrary">
<arg>login</arg>
<status status="PASS" starttime="20231120 20:29:47.571" endtime="20231120 20:29:47.571"/>
</kw>
<status status="PASS" starttime="20231120 20:29:47.571" endtime="20231120 20:29:47.571"/>
</kw>
<status status="PASS" starttime="20231120 20:29:47.570" endtime="20231120 20:29:47.571"/>
</kw>
<kw name="Input Credentials" library="resource">
<arg>timo</arg>
<arg>kalle123</arg>
<kw name="Input" library="AppLibrary">
<arg>${username}</arg>
<status status="PASS" starttime="20231120 20:29:47.571" endtime="20231120 20:29:47.571"/>
</kw>
<kw name="Input" library="AppLibrary">
<arg>${password}</arg>
<status status="PASS" starttime="20231120 20:29:47.571" endtime="20231120 20:29:47.571"/>
</kw>
<kw name="Run Application" library="AppLibrary">
<status status="PASS" starttime="20231120 20:29:47.571" endtime="20231120 20:29:47.572"/>
</kw>
<status status="PASS" starttime="20231120 20:29:47.571" endtime="20231120 20:29:47.572"/>
</kw>
<kw name="Output Should Contain" library="AppLibrary">
<arg>Invalid username or password</arg>
<status status="PASS" starttime="20231120 20:29:47.572" endtime="20231120 20:29:47.572"/>
</kw>
<status status="PASS" starttime="20231120 20:29:47.570" endtime="20231120 20:29:47.572"/>
</test>
<status status="PASS" starttime="20231120 20:29:47.561" endtime="20231120 20:29:47.572"/>
</suite>
<suite id="s1-s2" name="Register" source="/home/villep/palautusrepositorio/viikko3/login-robot/src/tests/register.robot">
<test id="s1-s2-t1" name="Register With Valid Username And Password" line="6">
<kw name="Create User" library="AppLibrary">
<arg>kalle</arg>
<arg>kalle123</arg>
<status status="PASS" starttime="20231120 20:29:47.574" endtime="20231120 20:29:47.575"/>
</kw>
<kw name="Output Should Contain" library="AppLibrary">
<arg>Kelvollinen käyttäjänimi ja salasana</arg>
<status status="PASS" starttime="20231120 20:29:47.575" endtime="20231120 20:29:47.575"/>
</kw>
<status status="PASS" starttime="20231120 20:29:47.574" endtime="20231120 20:29:47.575"/>
</test>
<test id="s1-s2-t2" name="Register With Already Taken Username And Valid Password" line="10">
<kw name="Create User" library="AppLibrary">
<arg>heikki</arg>
<arg>heikki123</arg>
<status status="PASS" starttime="20231120 20:29:47.575" endtime="20231120 20:29:47.575"/>
</kw>
<kw name="Create User" library="AppLibrary">
<var>${result2}</var>
<arg>heikki</arg>
<arg>heikki123</arg>
<msg timestamp="20231120 20:29:47.576" level="FAIL">User with username heikki already exists</msg>
<status status="FAIL" starttime="20231120 20:29:47.576" endtime="20231120 20:29:47.576"/>
</kw>
<kw name="Output Should Contain" library="AppLibrary">
<arg>${result2}</arg>
<status status="NOT RUN" starttime="20231120 20:29:47.576" endtime="20231120 20:29:47.576"/>
</kw>
<status status="FAIL" starttime="20231120 20:29:47.575" endtime="20231120 20:29:47.576">User with username heikki already exists</status>
</test>
<test id="s1-s2-t3" name="Register With Too Short Username And Valid Password" line="15">
<kw name="Create User" library="AppLibrary">
<arg>ka</arg>
<arg>kalle123</arg>
<status status="PASS" starttime="20231120 20:29:47.577" endtime="20231120 20:29:47.577"/>
</kw>
<kw name="Output Should Contain" library="AppLibrary">
<arg>Virheellinen käyttäjänimi</arg>
<status status="PASS" starttime="20231120 20:29:47.577" endtime="20231120 20:29:47.577"/>
</kw>
<status status="PASS" starttime="20231120 20:29:47.576" endtime="20231120 20:29:47.577"/>
</test>
<test id="s1-s2-t4" name="Register With Enough Long But Invalid Username And Valid Password" line="19">
<kw name="Create User" library="AppLibrary">
<arg>ka_¤%66</arg>
<arg>kalle123</arg>
<status status="PASS" starttime="20231120 20:29:47.578" endtime="20231120 20:29:47.578"/>
</kw>
<kw name="Output Should Contain" library="AppLibrary">
<arg>Virheellinen käyttäjänimi</arg>
<status status="PASS" starttime="20231120 20:29:47.578" endtime="20231120 20:29:47.578"/>
</kw>
<status status="PASS" starttime="20231120 20:29:47.577" endtime="20231120 20:29:47.578"/>
</test>
<test id="s1-s2-t5" name="Register With Valid Username And Too Short Password" line="23">
<kw name="Create User" library="AppLibrary">
<arg>kalle</arg>
<arg>kalle</arg>
<status status="PASS" starttime="20231120 20:29:47.578" endtime="20231120 20:29:47.579"/>
</kw>
<kw name="Output Should Contain" library="AppLibrary">
<arg>Virheellinen salasana</arg>
<status status="PASS" starttime="20231120 20:29:47.579" endtime="20231120 20:29:47.579"/>
</kw>
<status status="PASS" starttime="20231120 20:29:47.578" endtime="20231120 20:29:47.579"/>
</test>
<test id="s1-s2-t6" name="Register With Valid Username And Long Enough Password Containing Only Letters" line="27">
<kw name="Create User" library="AppLibrary">
<arg>kalle</arg>
<arg>kallekallekalle</arg>
<status status="PASS" starttime="20231120 20:29:47.579" endtime="20231120 20:29:47.579"/>
</kw>
<kw name="Output Should Contain" library="AppLibrary">
<arg>Virheellinen salasana</arg>
<status status="PASS" starttime="20231120 20:29:47.580" endtime="20231120 20:29:47.580"/>
</kw>
<status status="PASS" starttime="20231120 20:29:47.579" endtime="20231120 20:29:47.580"/>
</test>
<status status="FAIL" starttime="20231120 20:29:47.573" endtime="20231120 20:29:47.580"/>
</suite>
<status status="FAIL" starttime="20231120 20:29:47.548" endtime="20231120 20:29:47.581"/>
</suite>
<statistics>
<total>
<stat pass="8" fail="1" skip="0">All Tests</stat>
</total>
<tag>
</tag>
<suite>
<stat pass="8" fail="1" skip="0" id="s1" name="Tests">Tests</stat>
<stat pass="3" fail="0" skip="0" id="s1-s1" name="Login">Tests.Login</stat>
<stat pass="5" fail="1" skip="0" id="s1-s2" name="Register">Tests.Register</stat>
</suite>
</statistics>
<errors>
</errors>
</robot>
